<?xml version="1.0" encoding="UTF-8"?>
<coverage generated="1695307960612" clover="3.2.0">
  <project timestamp="1695307960613" name="All files">
    <metrics statements="23" coveredstatements="23" conditionals="11" coveredconditionals="11" methods="8" coveredmethods="8" elements="42" coveredelements="42" complexity="0" loc="23" ncloc="23" packages="3" files="4" classes="4"/>
    <package name="components.TextInput">
      <metrics statements="4" coveredstatements="4" conditionals="4" coveredconditionals="4" methods="2" coveredmethods="2"/>
      <file name="index.tsx" path="/Users/jim/Desktop/Jim/ithome-2023/practice-test/src/components/TextInput/index.tsx">
        <metrics statements="4" coveredstatements="4" conditionals="4" coveredconditionals="4" methods="2" coveredmethods="2"/>
        <line num="10" count="1" type="stmt"/>
        <line num="11" count="333" type="stmt"/>
        <line num="12" count="333" type="stmt"/>
        <line num="26" count="12" type="stmt"/>
      </file>
    </package>
    <package name="pages.FormPage">
      <metrics statements="6" coveredstatements="6" conditionals="0" coveredconditionals="0" methods="2" coveredmethods="2"/>
      <file name="index.tsx" path="/Users/jim/Desktop/Jim/ithome-2023/practice-test/src/pages/FormPage/index.tsx">
        <metrics statements="6" coveredstatements="6" conditionals="0" coveredconditionals="0" methods="2" coveredmethods="2"/>
        <line num="7" count="1" type="stmt"/>
        <line num="13" count="1" type="stmt"/>
        <line num="14" count="5" type="stmt"/>
        <line num="18" count="1" type="stmt"/>
        <line num="19" count="1" type="stmt"/>
        <line num="22" count="5" type="stmt"/>
      </file>
    </package>
    <package name="utils.validation">
      <metrics statements="13" coveredstatements="13" conditionals="7" coveredconditionals="7" methods="4" coveredmethods="4"/>
      <file name="requiredSchema.ts" path="/Users/jim/Desktop/Jim/ithome-2023/practice-test/src/utils/validation/requiredSchema.ts">
        <metrics statements="2" coveredstatements="2" conditionals="3" coveredconditionals="3" methods="2" coveredmethods="2"/>
        <line num="4" count="18" type="stmt"/>
        <line num="10" count="168" type="cond" truecount="2" falsecount="0"/>
      </file>
      <file name="strAcctSchema.ts" path="/Users/jim/Desktop/Jim/ithome-2023/practice-test/src/utils/validation/strAcctSchema.ts">
        <metrics statements="11" coveredstatements="11" conditionals="4" coveredconditionals="4" methods="2" coveredmethods="2"/>
        <line num="4" count="10" type="stmt"/>
        <line num="10" count="60" type="cond" truecount="2" falsecount="0"/>
        <line num="11" count="22" type="stmt"/>
        <line num="12" count="22" type="stmt"/>
        <line num="13" count="22" type="cond" truecount="2" falsecount="0"/>
        <line num="14" count="2" type="stmt"/>
        <line num="17" count="20" type="stmt"/>
        <line num="19" count="20" type="stmt"/>
        <line num="20" count="160" type="stmt"/>
        <line num="22" count="20" type="stmt"/>
        <line num="23" count="20" type="stmt"/>
      </file>
    </package>
  </project>
</coverage>
