{"/Users/jim/Desktop/Jim/ithome-2023/practice-test/src/components/TextInput/index.tsx": {"path":"/Users/jim/Desktop/Jim/ithome-2023/practice-test/src/components/TextInput/index.tsx","statementMap":{"0":{"start":{"line":10,"column":25},"end":{"line":37,"column":1}},"1":{"start":{"line":11,"column":24},"end":{"line":11,"column":39}},"2":{"start":{"line":12,"column":2},"end":{"line":36,"column":4}},"3":{"start":{"line":26,"column":12},"end":{"line":31,"column":18}}},"fnMap":{"0":{"name":"(anonymous_0)","decl":{"start":{"line":10,"column":25},"end":{"line":10,"column":26}},"loc":{"start":{"line":10,"column":61},"end":{"line":37,"column":1}},"line":10},"1":{"name":"(anonymous_1)","decl":{"start":{"line":25,"column":18},"end":{"line":25,"column":19}},"loc":{"start":{"line":26,"column":12},"end":{"line":31,"column":18}},"line":26}},"branchMap":{"0":{"loc":{"start":{"line":21,"column":21},"end":{"line":21,"column":67}},"type":"cond-expr","locations":[{"start":{"line":21,"column":50},"end":{"line":21,"column":62}},{"start":{"line":21,"column":65},"end":{"line":21,"column":67}}],"line":21},"1":{"loc":{"start":{"line":21,"column":21},"end":{"line":21,"column":47}},"type":"binary-expr","locations":[{"start":{"line":21,"column":21},"end":{"line":21,"column":33}},{"start":{"line":21,"column":37},"end":{"line":21,"column":47}}],"line":21}},"s":{"0":1,"1":333,"2":333,"3":12},"f":{"0":333,"1":12},"b":{"0":[24,309],"1":[333,95]},"_coverageSchema":"1a1c01bbd47fc00a2c39e90264f33305004495a9","hash":"3efe7c82effa04a74057c575ce429b990604b21d"}
,"/Users/jim/Desktop/Jim/ithome-2023/practice-test/src/pages/FormPage/index.tsx": {"path":"/Users/jim/Desktop/Jim/ithome-2023/practice-test/src/pages/FormPage/index.tsx","statementMap":{"0":{"start":{"line":7,"column":22},"end":{"line":11,"column":1}},"1":{"start":{"line":13,"column":24},"end":{"line":43,"column":1}},"2":{"start":{"line":14,"column":23},"end":{"line":20,"column":3}},"3":{"start":{"line":18,"column":4},"end":{"line":18,"column":34}},"4":{"start":{"line":19,"column":4},"end":{"line":19,"column":16}},"5":{"start":{"line":22,"column":2},"end":{"line":42,"column":4}}},"fnMap":{"0":{"name":"(anonymous_0)","decl":{"start":{"line":13,"column":24},"end":{"line":13,"column":25}},"loc":{"start":{"line":13,"column":30},"end":{"line":43,"column":1}},"line":13},"1":{"name":"(anonymous_1)","decl":{"start":{"line":14,"column":23},"end":{"line":14,"column":24}},"loc":{"start":{"line":17,"column":7},"end":{"line":20,"column":3}},"line":17}},"branchMap":{},"s":{"0":1,"1":1,"2":5,"3":1,"4":1,"5":5},"f":{"0":5,"1":1},"b":{},"_coverageSchema":"1a1c01bbd47fc00a2c39e90264f33305004495a9","hash":"835115f35d7c4de96475d64b42b384ce933d5b9c"}
,"/Users/jim/Desktop/Jim/ithome-2023/practice-test/src/utils/validation/requiredSchema.ts": {"path":"/Users/jim/Desktop/Jim/ithome-2023/practice-test/src/utils/validation/requiredSchema.ts","statementMap":{"0":{"start":{"line":4,"column":2},"end":{"line":12,"column":4}},"1":{"start":{"line":10,"column":6},"end":{"line":10,"column":49}}},"fnMap":{"0":{"name":"(anonymous_0)","decl":{"start":{"line":3,"column":15},"end":{"line":3,"column":16}},"loc":{"start":{"line":4,"column":2},"end":{"line":12,"column":4}},"line":4},"1":{"name":"(anonymous_1)","decl":{"start":{"line":9,"column":10},"end":{"line":9,"column":11}},"loc":{"start":{"line":9,"column":21},"end":{"line":11,"column":5}},"line":9}},"branchMap":{"0":{"loc":{"start":{"line":3,"column":16},"end":{"line":3,"column":28}},"type":"default-arg","locations":[{"start":{"line":3,"column":22},"end":{"line":3,"column":28}}],"line":3},"1":{"loc":{"start":{"line":10,"column":13},"end":{"line":10,"column":48}},"type":"binary-expr","locations":[{"start":{"line":10,"column":13},"end":{"line":10,"column":25}},{"start":{"line":10,"column":29},"end":{"line":10,"column":48}}],"line":10}},"s":{"0":17,"1":167},"f":{"0":17,"1":167},"b":{"0":[17],"1":[167,166]},"_coverageSchema":"1a1c01bbd47fc00a2c39e90264f33305004495a9","hash":"2190afb99cbe20dd10e41e70bda5ee80e271f6c7"}
,"/Users/jim/Desktop/Jim/ithome-2023/practice-test/src/utils/validation/strAcctSchema.ts": {"path":"/Users/jim/Desktop/Jim/ithome-2023/practice-test/src/utils/validation/strAcctSchema.ts","statementMap":{"0":{"start":{"line":4,"column":2},"end":{"line":25,"column":4}},"1":{"start":{"line":10,"column":6},"end":{"line":10,"column":44}},"2":{"start":{"line":10,"column":31},"end":{"line":10,"column":44}},"3":{"start":{"line":11,"column":22},"end":{"line":11,"column":50}},"4":{"start":{"line":12,"column":31},"end":{"line":12,"column":56}},"5":{"start":{"line":13,"column":6},"end":{"line":15,"column":7}},"6":{"start":{"line":14,"column":8},"end":{"line":14,"column":21}},"7":{"start":{"line":17,"column":8},"end":{"line":18,"column":42}},"8":{"start":{"line":19,"column":6},"end":{"line":21,"column":7}},"9":{"start":{"line":19,"column":19},"end":{"line":19,"column":20}},"10":{"start":{"line":20,"column":8},"end":{"line":20,"column":35}},"11":{"start":{"line":22,"column":6},"end":{"line":22,"column":27}},"12":{"start":{"line":23,"column":6},"end":{"line":23,"column":28}}},"fnMap":{"0":{"name":"(anonymous_0)","decl":{"start":{"line":3,"column":15},"end":{"line":3,"column":16}},"loc":{"start":{"line":4,"column":2},"end":{"line":25,"column":4}},"line":4},"1":{"name":"(anonymous_1)","decl":{"start":{"line":9,"column":10},"end":{"line":9,"column":11}},"loc":{"start":{"line":9,"column":21},"end":{"line":24,"column":5}},"line":9}},"branchMap":{"0":{"loc":{"start":{"line":10,"column":6},"end":{"line":10,"column":44}},"type":"if","locations":[{"start":{"line":10,"column":6},"end":{"line":10,"column":44}},{"start":{},"end":{}}],"line":10},"1":{"loc":{"start":{"line":13,"column":6},"end":{"line":15,"column":7}},"type":"if","locations":[{"start":{"line":13,"column":6},"end":{"line":15,"column":7}},{"start":{},"end":{}}],"line":13}},"s":{"0":7,"1":57,"2":37,"3":20,"4":20,"5":20,"6":0,"7":20,"8":20,"9":20,"10":160,"11":20,"12":20},"f":{"0":7,"1":57},"b":{"0":[37,20],"1":[0,20]},"_coverageSchema":"1a1c01bbd47fc00a2c39e90264f33305004495a9","hash":"9d151c21a605324805e42c583461bb7932f18b19"}
}
