TN:
SF:src/components/TextInput/index.tsx
FN:10,(anonymous_0)
FN:25,(anonymous_1)
FNF:2
FNH:2
FNDA:333,(anonymous_0)
FNDA:12,(anonymous_1)
DA:10,1
DA:11,333
DA:12,333
DA:26,12
LF:4
LH:4
BRDA:21,0,0,24
BRDA:21,0,1,309
BRDA:21,1,0,333
BRDA:21,1,1,95
BRF:4
BRH:4
end_of_record
TN:
SF:src/pages/FormPage/index.tsx
FN:13,(anonymous_0)
FN:14,(anonymous_1)
FNF:2
FNH:2
FNDA:5,(anonymous_0)
FNDA:1,(anonymous_1)
DA:7,1
DA:13,1
DA:14,5
DA:18,1
DA:19,1
DA:22,5
LF:6
LH:6
BRF:0
BRH:0
end_of_record
TN:
SF:src/utils/validation/requiredSchema.ts
FN:3,(anonymous_0)
FN:9,(anonymous_1)
FNF:2
FNH:2
FNDA:17,(anonymous_0)
FNDA:167,(anonymous_1)
DA:4,17
DA:10,167
LF:2
LH:2
BRDA:3,0,0,17
BRDA:10,1,0,167
BRDA:10,1,1,166
BRF:3
BRH:3
end_of_record
TN:
SF:src/utils/validation/strAcctSchema.ts
FN:3,(anonymous_0)
FN:9,(anonymous_1)
FNF:2
FNH:2
FNDA:7,(anonymous_0)
FNDA:57,(anonymous_1)
DA:4,7
DA:10,57
DA:11,20
DA:12,20
DA:13,20
DA:14,0
DA:17,20
DA:19,20
DA:20,160
DA:22,20
DA:23,20
LF:11
LH:10
BRDA:10,0,0,37
BRDA:10,0,1,20
BRDA:13,1,0,0
BRDA:13,1,1,20
BRF:4
BRH:3
end_of_record
